     1                                  bits 32
     2                                  
     3                                  global start
     4                                  
     5                                  extern exit, printf
     6                                  import exit msvcrt.dll
     7                                  import printf msvcrt.dll
     8                                  
     9                                  segment data use32 class=data
    10 00000000 010306020307                s1 db 1, 3, 6, 2, 3, 7
    11 00000006 060308010205                s2 db 6, 3, 8, 1, 2, 5
    12                                      len equ $ - s2
    13 0000000C 00<rept>                    s3 times len db 0
    14 00000012 25642000                    format db "%d ", 0
    15                                      
    16                                  segment code use32 class=code
    17                                      start:
    18 00000000 BE00000000                      mov esi, 0
    19                                          
    20                                      repeta:
    21 00000005 83FE06                          cmp esi, len
    22 00000008 7423                            je final.repeta
    23                                          
    24 0000000A 8A86[00000000]                  mov al, [s1 + esi]
    25 00000010 8AA6[06000000]                  mov ah, [s2 + esi]
    26                                          
    27 00000016 38E0                            cmp al, ah
    28 00000018 7D08                            jge caz2
    29                                          
    30                                      caz1:
    31 0000001A 88A6[0C000000]                  mov [s3 + esi], ah
    32 00000020 EB06                            jmp cont
    33                                          
    34                                      caz2:
    35 00000022 8886[0C000000]                  mov [s3 + esi], al
    36                                          
    37                                      cont:
    38 00000028 83C601                          add esi, 1
    39 0000002B EBD8                            jmp repeta
    40                                          
    41                                      final.repeta:
    42                                      
    43                                          ;push dword s3
    44                                          ;push dword format
    45                                          ;call [printf]
    46                                          ;add esp, 4 * 2
    47                                          
    48 0000002D BE00000000                      mov esi, 0
    49                                      afisare:
    50 00000032 83FE06                          cmp esi, len
    51 00000035 741F                            je final.afisare
    52                                          
    53 00000037 60                              pushad
    54 00000038 8A86[0C000000]                  mov al, [s3+esi]
    55 0000003E 6698                            cbw
    56 00000040 98                              cwde
    57 00000041 50                              push eax
    58 00000042 68[12000000]                    push dword format
    59 00000047 FF15[00000000]                  call [printf]
    60 0000004D 83C408                          add esp, 4 * 2
    61                                          
    62 00000050 61                              popad
    63 00000051 83C601                          add esi,1
    64 00000054 EBDC                            jmp afisare
    65                                      
    66                                      final.afisare:
    67 00000056 6A00                            push dword 0
    68 00000058 FF15[00000000]                  call [exit]
