     1                                  bits 32 ; assembling for the 32 bits architecture
     2                                  
     3                                  ; declare the EntryPoint (a label defining the very first instruction of the program)
     4                                  global start        
     5                                  
     6                                  ; declare external functions needed by our program
     7                                  extern exit               ; tell nasm that exit exists even if we won't be defining it
     8                                  import exit msvcrt.dll    ; exit is a function that ends the calling process. It is defined in msvcrt.dll
     9                                                            ; msvcrt.dll contains exit, printf and all the other important C-runtime specific functions
    10                                  
    11                                  ; our data is declared here (the variables needed by our program)
    12                                  segment data use32 class=data
    13 00000000 01                          a db 1
    14 00000001 02                          b db 2
    15 00000002 03                          c db 3
    16 00000003 0400                        d dw 4
    17                                      ; ...
    18                                  
    19                                  ; our code starts here
    20                                  segment code use32 class=code
    21                                      start:
    22                                          ;3*[20*(b-a+2)-10*c]+2*(d-3)
    23 00000000 A0[01000000]                    mov al, [b]
    24 00000005 8A25[00000000]                  mov ah, [a]
    25 0000000B 28E0                            sub al, ah
    26                                          
    27                                          
    28 0000000D 6A00                            push    dword 0      ; push the parameter for exit onto the stack
    29 0000000F FF15[00000000]                  call    [exit]       ; call exit to terminate the program
    30                                   
