     1                                  bits 32
     2                                  
     3                                  global start
     4                                  
     5                                  extern exit
     6                                  import exit msvcrt.dll
     7                                  
     8                                  segment data use32 class=data
     9 00000000 BD8E                        a dw 1000111010111101b
    10 00000002 AAD5                        b dw 1101010110101010b
    11 00000004 00000000                    c dd 0
    12                                      
    13                                  segment code use32 class=code
    14                                  start:
    15 00000000 66A1[02000000]              mov ax, [b] ;ax = b15 b14 b13 b12 ... b0
    16 00000006 C1E010                      shl eax, 16 ;eax = b15 b14 ... b1 b0 0 0 ... 0
    17                                      
    18 00000009 66A1[00000000]              mov ax, [a] ;ax = a15 a14 a13 ... a1 a0
    19 0000000F 66C1E003                    shl ax, 3   ;ah = a12 a11 a10 a9 a8 a7 a6 a5    al = a4 a3 a2 a1 a0 0 0 0
    20 00000013 D0EC                        shr ah, 1  ;ah = 0 a12 a11 a10 a9 a8 a7 a6    al = a4 a3 a2 a1 a0 0 0 0
    21 00000015 66D1E0                      shl ax, 1  ;ah = a12 a11 a10 a9 a8 a7 a6 a5   al = a3 a2 a1 a0 0 0 0 0
    22                                      
    23 00000018 668B1D[02000000]            mov bx, [b] ;bx = b15 b14 ... b1 b0  bl = b7 b6 b5 b4 b3 b2 b1 b0
    24 0000001F 66C1EB05                    shr bx, 5   ;bx = 0 0 0 0 0 b15 b14 b13   bl = b12 b11 b10 b9 b8 b7 b6 b5
    25 00000023 80E30F                      and bl, 00001111b ;bl = 0 0 0 0 b8 b7 b6 b5
    26                                      
    27 00000026 08D8                        or al, bl ;bl = a3 a2 a1 a0 b8 b7 b6 b5
    28                                      
    29 00000028 A3[04000000]                mov [c], eax ;rezultatul
    30                                      
    31 0000002D 6A00                        push dword 0
    32 0000002F FF15[00000000]              call [exit]
