     1                                  bits 32
     2                                  
     3                                  global start
     4                                  
     5                                  extern exit
     6                                  import exit msvcrt.dll
     7                                  
     8                                  segment data use32 class=data
     9 00000000 8597                        a dw 1001011110000101b
    10 00000002 00                          n db 0
    11 00000003 0000                        b dw 0
    12 00000005 00000000                    c dd 0
    13                                      
    14                                  segment code use32 class=code
    15                                  start:
    16 00000000 8A0D[00000000]              mov cl, byte [a]   ;cl = a7 a6 a5 a4 a3 a2 a1 a0
    17 00000006 80E107                      and cl, 00000111b  ;cl = 0  0  0  0  0  a2 a1 a0
    18 00000009 880D[05000000]              mov [c], cl
    19                                      
    20 0000000F 668B1D[00000000]            mov bx, [a]
    21 00000016 66D3CB                      ror bx, cl
    22 00000019 66891D[03000000]            mov [b], bx
    23                                      
    24 00000020 66A1[00000000]              mov ax, [a] ;ax = a15 a14 ... a0
    25 00000026 66D1E0                      shl ax, 1   ;ax = a14 a13 ... a0 0 -> ah = a14 a13 a12 a11 a10 a9 a8 a7   
    26                                      
    27 00000029 668B1D[03000000]            mov bx, [b]
    28 00000030 66C1EB02                    shr bx, 2   ;bx = 0 0 b15 ... b2 -> bl = b9 b8 b7 b6 b5 b4 b3 b2
    29 00000034 88D8                        mov al, bl  ;al = b9 b8 b7 b6 b5 b4 b3 b2
    30                                      
    31                                      ;ax = a14 a13 ... a7 b9 b8 ... b2
    32                                      
    33 00000036 C1E010                      shl eax, 16 ;eax = a14 a13 ... a7 b9 b8 ... b2 0 ... 0
    34                                      
    35 00000039 B0FF                        mov al, 0ffh 
    36                                      
    37 0000003B A3[05000000]                mov [c], eax
    38                                      
    39 00000040 6A00                        push dword 0
    40 00000042 FF15[00000000]              call [exit]
