     1                                  ;Sa se citeasca de la tastatura un nume de fisier si un text. Sa se creeze un fisier cu numele dat in directorul curent si sa se scrie textul in acel fisier. 
     2                                  ;Observatii: Numele de fisier este de maxim 30 de caractere. Textul este de maxim 120 de caractere.
     3                                  bits 32
     4                                  
     5                                  global start
     6                                  
     7                                  extern exit, scanf, fopen, fprintf, fclose, gets
     8                                  import exit msvcrt.dll
     9                                  import scanf msvcrt.dll
    10                                  import fopen msvcrt.dll
    11                                  import fprintf msvcrt.dll
    12                                  import fclose msvcrt.dll
    13                                  import gets msvcrt.dll
    14                                  
    15                                  
    16                                  segment data use32 class=data
    17 00000000 FFFFFFFF                    handle dd -1
    18 00000004 <res 00000020>              fisier resb 32
    19 00000024 <res 0000007A>              text resb 122
    20 0000009E 257300                      format_in db "%s", 0
    21 000000A1 772B00                      mod_acces db "w+", 0
    22 000000A4 2573202D2D2D202573-         format_out db "%s --- %s", 0
    22 000000AD 00                 
    23                                      
    24                                      
    25                                  segment code use32 class=code
    26                                      start:
    27                                          
    28 00000000 68[04000000]                    push dword fisier
    29 00000005 68[9E000000]                    push dword format_in
    30 0000000A FF15[00000000]                  call [scanf]
    31 00000010 83C408                          add esp, 4 * 2
    32                                          
    33                                          ;read(buffer,1,120)
    34 00000013 68[24000000]                    push dword text
    35 00000018 FF15[00000000]                  call [gets]
    36 0000001E FF15[00000000]                  call [gets]
    37 00000024 83C404                          add esp, 4
    38                                              
    39 00000027 68[A1000000]                    push dword mod_acces
    40 0000002C 68[04000000]                    push dword fisier
    41 00000031 FF15[00000000]                  call [fopen]
    42 00000037 83C408                          add esp, 4 * 2
    43                                          
    44 0000003A 83F800                          cmp eax, 0
    45 0000003D 7423                            je final
    46 0000003F A3[00000000]                    mov [handle], eax
    47                                          
    48                                          ;fprintf(handle, format, variables)
    49 00000044 68[24000000]                    push dword text
    50 00000049 68[04000000]                    push dword fisier
    51 0000004E 68[A4000000]                    push dword format_out
    52 00000053 FF35[00000000]                  push dword [handle]
    53 00000059 FF15[00000000]                  call [fprintf]
    54 0000005F 83C410                          add esp, 4 * 4
    55                                          
    56                                      final:
    57 00000062 6A00                            push dword 0
    58 00000064 FF15[00000000]                  call [exit]
