     1                                  ;Se citesc trei siruri de caractere. Sa se determine si sa se afiseze rezultatul concatenarii lor.
     2                                  bits 32
     3                                  
     4                                  global start
     5                                  
     6                                  extern exit, printf, scanf, 
     7                                  import exit msvcrt.dll
     8                                  import printf msvcrt.dll
     9                                  import scanf msvcrt.dll
    10                                  
    11                                  
    12                                  segment data use32 public data
    13 00000000 257300                      format db "%s", 0
    14 00000003 <res 00000064>              sir resb 100
    15 00000067 <res 0000012C>              sirFinal resb 300
    16 00000193 00                          nr db 0
    17                                      
    18                                  
    19                                  segment code use32 public code
    20                                      start:
    21                                          
    22 00000000 B903000000                      mov ecx, 3
    23                                          
    24 00000005 FE05[93010000]                  inc byte [nr]
    25                                          
    26 0000000B 6A00                            push dword 0
    27 0000000D FF15[00000000]                  call [exit]
