     1                                  bits 32
     2                                  
     3                                  
     4                                  segment data use32 public data
     5 00000000 00000000                    invers dd 0
     6                                  
     7                                  
     8                                  segment code use32 public code
     9                                      global nr_pal
    10                                      nr_pal:
    11 00000000 C705[00000000]0000-             mov dword [invers], 0
    11 00000008 0000               
    12 0000000A B90A000000                      mov ecx, 10
    13 0000000F BA00000000                      mov edx, 0
    14 00000014 8B442404                        mov eax, dword [esp + 4]
    15                                          
    16                                          imparte:    
    17                                              
    18 00000018 83F800                              cmp eax, 0
    19 0000001B 7416                                je fin_imparte
    20                                              
    21 0000001D F7F1                                div ecx ;edx avem restul
    22                                              
    23 0000001F 50                                  push eax
    24 00000020 89D3                                mov ebx, edx
    25 00000022 A1[00000000]                        mov eax, dword [invers]
    26 00000027 F7E1                                mul ecx
    27 00000029 01D8                                add eax, ebx
    28 0000002B A3[00000000]                        mov [invers], eax
    29                                              
    30 00000030 58                                  pop eax
    31                                              
    32 00000031 EBE5                                jmp imparte
    33                                              
    34                                          fin_imparte:
    35                                          
    36 00000033 B800000000                      mov eax, 0
    37                                          
    38 00000038 8B5C2404                        mov ebx, dword [esp + 4]
    39 0000003C 3B1D[00000000]                  cmp ebx, dword [invers]
    40 00000042 7505                            jne afara
    41                                          
    42 00000044 B801000000                      mov eax, 1
    43                                          
    44                                      afara:
    45 00000049 C3                              ret
