     1                                  bits 32
     2                                  
     3                                  global start
     4                                  
     5                                  extern fopen, fscanf, fclose, printf, nr_pal, exit
     6                                  import exit msvcrt.dll
     7                                  import fopen msvcrt.dll
     8                                  import fscanf msvcrt.dll
     9                                  import printf msvcrt.dll
    10                                  import fclose msvcrt.dll
    11                                  
    12                                  
    13                                  segment data use32 public data
    14 00000000 70616C5F74656D612E-         fisier db "pal_tema.txt", 0
    14 00000009 74787400           
    15 0000000D 256400                      format db "%d", 0
    16 00000010 7200                        mod_acces db "r", 0
    17 00000012 FFFFFFFF                    handle dd -1
    18 00000016 00000000                    nr dd 0
    19                                      
    20                                      
    21                                  segment code use32 public code
    22                                      start:
    23                                          ;fopen(fisier,mod)
    24 00000000 68[10000000]                    push dword mod_acces
    25 00000005 68[00000000]                    push dword fisier
    26 0000000A FF15[00000000]                  call [fopen]
    27 00000010 83C408                          add esp, 4 * 2
    28                                          
    29 00000013 83F800                          cmp eax, 0
    30 00000016 744D                            je final
    31 00000018 A3[12000000]                    mov [handle], eax
    32                                          ;deschis fisierul
    33                                          
    34                                          repeta:
    35                                              ;fscanf(handler,format,pointer);
    36 0000001D FF35[16000000]                      push dword [nr]
    37 00000023 68[0D000000]                        push dword format
    38 00000028 FF35[12000000]                      push dword [handle]
    39 0000002E FF15[00000000]                      call [fscanf]
    40 00000034 83C40C                              add esp, 4 * 3
    41                                              
    42 00000037 83F8FF                              cmp eax, -1
    43 0000003A 7429                                je final
    44                                              
    45 0000003C FF35[16000000]                      push dword [nr]
    46 00000042 E8(00000000)                        call nr_pal
    47 00000047 83C404                              add esp, 4
    48                                              
    49 0000004A 83F801                              cmp eax, 1
    50 0000004D 75CE                                jne repeta
    51                                              
    52 0000004F FF35[16000000]                      push dword [nr]
    53 00000055 68[0D000000]                        push dword format
    54 0000005A FF15[00000000]                      call [printf]
    55 00000060 83C408                              add esp, 4 * 2
    56                                              
    57 00000063 EBB8                                jmp repeta
    58                                          
    59                                      final:
    60 00000065 FF35[12000000]                  push dword [handle]
    61 0000006B FF15[00000000]                  call [fclose]
    62 00000071 83C404                          add esp, 4
    63                                      
    64                                          
    65 00000074 6A00                            push dword 0
    66 00000076 FF15[00000000]                  call [exit]
