     1                                  bits 32
     2                                  
     3                                  global start
     4                                  
     5                                  extern exit, palindrom_citire, palindrom_verif, palindrom_afis
     6                                  import exit msvcrt.dll
     7                                  
     8                                  
     9                                  segment data use32 public data
    10 00000000 <res 00000190>              sirNr resd 100
    11 00000190 00000000                    lenSir dd 0
    12 00000194 00000000                    sta dd 0
    13 00000198 00000000                    dr dd 0
    14                                  
    15                                  
    16                                  segment code use32 public code
    17                                      start:
    18                                          ;palindrom_citire(sirNr,lenSir)
    19 00000000 68[90010000]                    push dword lenSir
    20 00000005 68[00000000]                    push dword sirNr
    21 0000000A E8(00000000)                    call palindrom_citire
    22 0000000F 83C408                          add esp, 4 * 2
    23                                          
    24                                          ;for ebx = [0:lenSir-1]
    25                                          ;   for ecx = [0, ebx - 1]
    26                                          ;       eax = palindrom_verif(sirNr, ecx, ebx)
    27 00000012 BB00000000                      mov ebx, 0
    28                                          bucla1:
    29 00000017 3B1D[90010000]                      cmp ebx, dword [lenSir]
    30 0000001D 745E                                je end_bucla1
    31                                              
    32 0000001F B900000000                          mov ecx, 0
    33                                              
    34                                              bucla2:
    35 00000024 39D9                                    cmp ecx, ebx
    36 00000026 7452                                    je end_bucla2
    37                                                  
    38 00000028 890D[94010000]                          mov dword [sta], ecx
    39 0000002E 891D[98010000]                          mov dword [dr], ebx
    40                                                  
    41                                                  ;palindrom_verif
    42 00000034 FF35[98010000]                          push dword [dr]
    43 0000003A FF35[94010000]                          push dword [sta]
    44 00000040 68[00000000]                            push dword sirNr
    45 00000045 E8(00000000)                            call palindrom_verif
    46 0000004A 83C40C                                  add esp, 4 * 3
    47                                                  
    48 0000004D 83F801                                  cmp eax, 1
    49 00000050 7519                                    jne next_bucla2
    50                                                  
    51                                                  ;palindrom_afis(sirNr, ecx, ebx)
    52 00000052 FF35[98010000]                          push dword [dr]
    53 00000058 FF35[94010000]                          push dword [sta]
    54 0000005E 68[00000000]                            push dword sirNr
    55 00000063 E8(00000000)                            call palindrom_afis
    56 00000068 83C40C                                  add esp, 4 * 3
    57                                                  
    58                                                  next_bucla2:
    59                                                  
    60 0000006B 8B0D[94010000]                          mov ecx, dword [sta]
    61 00000071 8B1D[98010000]                          mov ebx, dword [dr]
    62                                                  
    63 00000077 41                                      inc ecx
    64                                                  
    65 00000078 EBAA                                    jmp bucla2
    66                                                  
    67                                              end_bucla2:
    68                                              
    69 0000007A 43                                  inc ebx 
    70 0000007B EB9A                                jmp bucla1
    71                                              
    72                                          end_bucla1:
    73                                          
    74 0000007D 6A00                            push dword 0
    75 0000007F FF15[00000000]                  call [exit]
