     1                                  bits 32 ; assembling for the 32 bits architecture
     2                                  
     3                                  ; declare the EntryPoint (a label defining the very first instruction of the program)
     4                                  global start        
     5                                  
     6                                  ; declare external functions needed by our program
     7                                  extern exit               ; tell nasm that exit exists even if we won't be defining it
     8                                  import exit msvcrt.dll    ; exit is a function that ends the calling process. It is defined in msvcrt.dll
     9                                                            ; msvcrt.dll contains exit, printf and all the other important C-runtime specific functions
    10                                  
    11                                  ; our data is declared here (the variables needed by our program)
    12                                  segment data use32 class=data
    13 00000000 40B9FE7F                    a dd 2147400000
    14 00000004 40B9FE7F                    b dd 2147400000
    15                                  
    16                                  ; our code starts here
    17                                  segment code use32 class=code
    18                                      start:
    19                                          
    20 00000000 A1[00000000]                    mov eax, [a]
    21 00000005 99                              cdq ;edx:eax = a
    22                                          
    23 00000006 89D1                            mov ecx,edx
    24 00000008 89C3                            mov ebx,eax ;ecx:edx = a
    25                                          
    26 0000000A A1[04000000]                    mov eax, [b]
    27 0000000F 99                              cdq ;edx:eax = b
    28                                          
    29 00000010 01D8                            add eax,ebx
    30 00000012 11CA                            adc edx,ecx
    31                                          
    32                                          
    33 00000014 6A00                            push    dword 0      ; push the parameter for exit onto the stack
    34 00000016 FF15[00000000]                  call    [exit]       ; call exit to terminate the program
