     1                                  bits 32
     2                                  
     3                                  global start
     4                                  
     5                                  extern exit
     6                                  import exit msvcrt.dll
     7                                  
     8                                  segment data use32 class=data
     9 00000000 4B                          a db 75
    10 00000001 0300                        b dw 3
    11 00000003 0700                        c dw 7
    12 00000005 0E                          d db 14
    13 00000006 03000000                    e dd 3
    14                                     
    15                                  segment code use32 class=code
    16                                  start:
    17                                      ; a/b + c*d - exit
    18                                      
    19 00000000 66BA0000                    mov dx, 0
    20 00000004 66B80000                    mov ax, 0
    21 00000008 A0[00000000]                mov al, [a]     ; dx:ax = a
    22 0000000D 66F735[01000000]            div word [b]    ; ax = a / b
    23                                      
    24                                      
    25 00000014 6689C3                      mov bx,ax       ; bx = a / b
    26                                      
    27 00000017 B400                        mov ah, 0
    28 00000019 A0[05000000]                mov al, [d]     ; ax = d
    29 0000001E 66F725[03000000]            mul word [c]    ; dx:ax = d * c
    30                                      
    31 00000025 6601D8                      add ax, bx
    32 00000028 6683D200                    adc dx, 0       ; dx:ax = a/b + d * c
    33                                      
    34 0000002C 668B1D[06000000]            mov bx, word [e]
    35 00000033 668B0D[08000000]            mov cx, word [e+2] ;cx:bx = e
    36                                      
    37 0000003A 6629D8                      sub ax, bx
    38 0000003D 6619CA                      sbb dx, cx      ; dx:ax = a/b + c*d - e
    39                                          
    40 00000040 6A00                        push dword 0
    41 00000042 FF15[00000000]              call [exit]
